2026-07-10 14:00:00 INFO  connecting with api_key=sk_live_abcdef1234567890 to https://api.example.com
2026-07-10 14:00:00 INFO  auth header Authorization: Bearer eyJhbGciOiJIUzI1NiJ9.eyJzdWIiOiIxMjM0NTY3ODkwIn0.dozjgNryP4J3jVmNHl0w5N_XgL0n3I9PlFUP0THsR8U
2026-07-10 14:00:00 INFO  user contact: jane.doe@example.com from 10.0.0.42
Traceback (most recent call last):
  File "/srv/app/recur.py", line 12, in walk
    return walk(node.child)
  File "/srv/app/recur.py", line 12, in walk
    return walk(node.child)
  File "/srv/app/recur.py", line 12, in walk
    return walk(node.child)
  File "/srv/app/recur.py", line 12, in walk
    return walk(node.child)
  File "/srv/app/recur.py", line 12, in walk
    return walk(node.child)
  File "/srv/app/recur.py", line 12, in walk
    return walk(node.child)
  File "/srv/app/recur.py", line 12, in walk
    return walk(node.child)
  File "/srv/app/recur.py", line 9, in walk
    if node is None:
RecursionError: maximum recursion depth exceeded
